{"C:\\Users\\luisr\\Proyecto Analisis Final\\frontend_proton_react_hogar_de_ancianos\\src\\config\\app.config.ts": {"path":"C:\\Users\\luisr\\Proyecto Analisis Final\\frontend_proton_react_hogar_de_ancianos\\src\\config\\app.config.ts","statementMap":{"0":{"start":{"line":11,"column":29},"end":{"line":11,"column":null}},"1":{"start":{"line":12,"column":25},"end":{"line":12,"column":null}},"2":{"start":{"line":13,"column":26},"end":{"line":13,"column":null}},"3":{"start":{"line":14,"column":22},"end":{"line":30,"column":null}},"4":{"start":{"line":35,"column":25},"end":{"line":38,"column":null}},"5":{"start":{"line":36,"column":20},"end":{"line":36,"column":null}},"6":{"start":{"line":37,"column":4},"end":{"line":37,"column":null}},"7":{"start":{"line":40,"column":29},"end":{"line":40,"column":null}},"8":{"start":{"line":40,"column":44},"end":{"line":40,"column":null}},"9":{"start":{"line":41,"column":28},"end":{"line":41,"column":null}},"10":{"start":{"line":41,"column":43},"end":{"line":41,"column":null}}},"fnMap":{"0":{"name":"(anonymous_0)","decl":{"start":{"line":35,"column":25},"end":{"line":35,"column":26}},"loc":{"start":{"line":35,"column":55},"end":{"line":38,"column":null}},"line":35},"1":{"name":"(anonymous_1)","decl":{"start":{"line":40,"column":29},"end":{"line":40,"column":44}},"loc":{"start":{"line":40,"column":44},"end":{"line":40,"column":null}},"line":40},"2":{"name":"(anonymous_2)","decl":{"start":{"line":41,"column":28},"end":{"line":41,"column":43}},"loc":{"start":{"line":41,"column":43},"end":{"line":41,"column":null}},"line":41}},"branchMap":{"0":{"loc":{"start":{"line":37,"column":24},"end":{"line":37,"column":76}},"type":"cond-expr","locations":[{"start":{"line":37,"column":51},"end":{"line":37,"column":62}},{"start":{"line":37,"column":62},"end":{"line":37,"column":76}}],"line":37}},"s":{"0":1,"1":1,"2":1,"3":1,"4":1,"5":0,"6":0,"7":1,"8":0,"9":1,"10":0},"f":{"0":0,"1":0,"2":0},"b":{"0":[0,0]},"meta":{"lastBranch":1,"lastFunction":3,"lastStatement":11,"seen":{"s:11:29:11:Infinity":0,"s:12:25:12:Infinity":1,"s:13:26:13:Infinity":2,"s:14:22:30:Infinity":3,"s:35:25:38:Infinity":4,"f:35:25:35:26":0,"s:36:20:36:Infinity":5,"s:37:4:37:Infinity":6,"b:37:51:37:62:37:62:37:76":0,"s:40:29:40:Infinity":7,"f:40:29:40:44":1,"s:40:44:40:Infinity":8,"s:41:28:41:Infinity":9,"f:41:28:41:43":2,"s:41:43:41:Infinity":10}}}
,"C:\\Users\\luisr\\Proyecto Analisis Final\\frontend_proton_react_hogar_de_ancianos\\src\\services\\entranceExitService.ts": {"path":"C:\\Users\\luisr\\Proyecto Analisis Final\\frontend_proton_react_hogar_de_ancianos\\src\\services\\entranceExitService.ts","statementMap":{"0":{"start":{"line":12,"column":18},"end":{"line":17,"column":null}},"1":{"start":{"line":19,"column":0},"end":{"line":25,"column":null}},"2":{"start":{"line":20,"column":16},"end":{"line":20,"column":null}},"3":{"start":{"line":21,"column":2},"end":{"line":23,"column":null}},"4":{"start":{"line":22,"column":4},"end":{"line":22,"column":null}},"5":{"start":{"line":24,"column":2},"end":{"line":24,"column":null}},"6":{"start":{"line":27,"column":35},"end":{"line":173,"column":null}},"7":{"start":{"line":29,"column":21},"end":{"line":29,"column":null}},"8":{"start":{"line":30,"column":4},"end":{"line":30,"column":null}},"9":{"start":{"line":34,"column":21},"end":{"line":34,"column":null}},"10":{"start":{"line":35,"column":4},"end":{"line":35,"column":null}},"11":{"start":{"line":39,"column":21},"end":{"line":39,"column":null}},"12":{"start":{"line":40,"column":4},"end":{"line":40,"column":null}},"13":{"start":{"line":44,"column":21},"end":{"line":44,"column":null}},"14":{"start":{"line":45,"column":4},"end":{"line":45,"column":null}},"15":{"start":{"line":49,"column":23},"end":{"line":53,"column":null}},"16":{"start":{"line":54,"column":21},"end":{"line":54,"column":null}},"17":{"start":{"line":55,"column":4},"end":{"line":55,"column":null}},"18":{"start":{"line":59,"column":10},"end":{"line":59,"column":null}},"19":{"start":{"line":60,"column":23},"end":{"line":64,"column":null}},"20":{"start":{"line":66,"column":4},"end":{"line":84,"column":null}},"21":{"start":{"line":68,"column":23},"end":{"line":68,"column":null}},"22":{"start":{"line":69,"column":6},"end":{"line":69,"column":null}},"23":{"start":{"line":71,"column":6},"end":{"line":71,"column":null}},"24":{"start":{"line":72,"column":6},"end":{"line":72,"column":null}},"25":{"start":{"line":73,"column":6},"end":{"line":82,"column":null}},"26":{"start":{"line":83,"column":6},"end":{"line":83,"column":null}},"27":{"start":{"line":88,"column":10},"end":{"line":88,"column":null}},"28":{"start":{"line":89,"column":23},"end":{"line":93,"column":null}},"29":{"start":{"line":95,"column":4},"end":{"line":112,"column":null}},"30":{"start":{"line":96,"column":6},"end":{"line":96,"column":null}},"31":{"start":{"line":97,"column":6},"end":{"line":97,"column":null}},"32":{"start":{"line":99,"column":23},"end":{"line":99,"column":null}},"33":{"start":{"line":100,"column":6},"end":{"line":100,"column":null}},"34":{"start":{"line":101,"column":6},"end":{"line":101,"column":null}},"35":{"start":{"line":103,"column":6},"end":{"line":110,"column":null}},"36":{"start":{"line":111,"column":6},"end":{"line":111,"column":null}},"37":{"start":{"line":116,"column":4},"end":{"line":116,"column":null}},"38":{"start":{"line":120,"column":21},"end":{"line":120,"column":null}},"39":{"start":{"line":121,"column":4},"end":{"line":121,"column":null}},"40":{"start":{"line":125,"column":4},"end":{"line":140,"column":null}},"41":{"start":{"line":126,"column":6},"end":{"line":126,"column":null}},"42":{"start":{"line":127,"column":23},"end":{"line":127,"column":null}},"43":{"start":{"line":128,"column":6},"end":{"line":128,"column":null}},"44":{"start":{"line":130,"column":6},"end":{"line":133,"column":null}},"45":{"start":{"line":131,"column":8},"end":{"line":131,"column":null}},"46":{"start":{"line":132,"column":8},"end":{"line":132,"column":null}},"47":{"start":{"line":135,"column":6},"end":{"line":135,"column":null}},"48":{"start":{"line":136,"column":6},"end":{"line":136,"column":null}},"49":{"start":{"line":138,"column":6},"end":{"line":138,"column":null}},"50":{"start":{"line":139,"column":6},"end":{"line":139,"column":null}},"51":{"start":{"line":144,"column":4},"end":{"line":153,"column":null}},"52":{"start":{"line":145,"column":23},"end":{"line":145,"column":null}},"53":{"start":{"line":146,"column":6},"end":{"line":148,"column":null}},"54":{"start":{"line":147,"column":8},"end":{"line":147,"column":null}},"55":{"start":{"line":149,"column":6},"end":{"line":149,"column":null}},"56":{"start":{"line":151,"column":6},"end":{"line":151,"column":null}},"57":{"start":{"line":152,"column":6},"end":{"line":152,"column":null}},"58":{"start":{"line":157,"column":4},"end":{"line":171,"column":null}},"59":{"start":{"line":158,"column":6},"end":{"line":158,"column":null}},"60":{"start":{"line":159,"column":23},"end":{"line":159,"column":null}},"61":{"start":{"line":160,"column":6},"end":{"line":160,"column":null}},"62":{"start":{"line":162,"column":6},"end":{"line":165,"column":null}},"63":{"start":{"line":163,"column":8},"end":{"line":163,"column":null}},"64":{"start":{"line":164,"column":8},"end":{"line":164,"column":null}},"65":{"start":{"line":167,"column":6},"end":{"line":167,"column":null}},"66":{"start":{"line":169,"column":6},"end":{"line":169,"column":null}},"67":{"start":{"line":170,"column":6},"end":{"line":170,"column":null}}},"fnMap":{"0":{"name":"(anonymous_0)","decl":{"start":{"line":19,"column":35},"end":{"line":19,"column":36}},"loc":{"start":{"line":19,"column":47},"end":{"line":25,"column":1}},"line":19},"1":{"name":"(anonymous_1)","decl":{"start":{"line":28,"column":23},"end":{"line":28,"column":68}},"loc":{"start":{"line":28,"column":68},"end":{"line":31,"column":null}},"line":28},"2":{"name":"(anonymous_2)","decl":{"start":{"line":33,"column":23},"end":{"line":33,"column":30}},"loc":{"start":{"line":33,"column":76},"end":{"line":36,"column":null}},"line":33},"3":{"name":"(anonymous_3)","decl":{"start":{"line":38,"column":22},"end":{"line":38,"column":29}},"loc":{"start":{"line":38,"column":93},"end":{"line":41,"column":null}},"line":38},"4":{"name":"(anonymous_4)","decl":{"start":{"line":43,"column":22},"end":{"line":43,"column":29}},"loc":{"start":{"line":43,"column":114},"end":{"line":46,"column":null}},"line":43},"5":{"name":"(anonymous_5)","decl":{"start":{"line":48,"column":24},"end":{"line":48,"column":31}},"loc":{"start":{"line":48,"column":77},"end":{"line":56,"column":null}},"line":48},"6":{"name":"(anonymous_6)","decl":{"start":{"line":58,"column":26},"end":{"line":58,"column":33}},"loc":{"start":{"line":58,"column":79},"end":{"line":85,"column":null}},"line":58},"7":{"name":"(anonymous_7)","decl":{"start":{"line":87,"column":22},"end":{"line":87,"column":29}},"loc":{"start":{"line":87,"column":75},"end":{"line":113,"column":null}},"line":87},"8":{"name":"(anonymous_8)","decl":{"start":{"line":115,"column":22},"end":{"line":115,"column":29}},"loc":{"start":{"line":115,"column":59},"end":{"line":117,"column":null}},"line":115},"9":{"name":"(anonymous_9)","decl":{"start":{"line":119,"column":23},"end":{"line":119,"column":30}},"loc":{"start":{"line":119,"column":102},"end":{"line":122,"column":null}},"line":119},"10":{"name":"(anonymous_10)","decl":{"start":{"line":124,"column":20},"end":{"line":124,"column":65}},"loc":{"start":{"line":124,"column":65},"end":{"line":141,"column":null}},"line":124},"11":{"name":"(anonymous_11)","decl":{"start":{"line":143,"column":22},"end":{"line":143,"column":67}},"loc":{"start":{"line":143,"column":67},"end":{"line":154,"column":null}},"line":143},"12":{"name":"(anonymous_12)","decl":{"start":{"line":156,"column":18},"end":{"line":156,"column":63}},"loc":{"start":{"line":156,"column":63},"end":{"line":172,"column":null}},"line":156}},"branchMap":{"0":{"loc":{"start":{"line":21,"column":2},"end":{"line":23,"column":null}},"type":"if","locations":[{"start":{"line":21,"column":2},"end":{"line":23,"column":null}},{"start":{},"end":{}}],"line":21},"1":{"loc":{"start":{"line":130,"column":6},"end":{"line":133,"column":null}},"type":"if","locations":[{"start":{"line":130,"column":6},"end":{"line":133,"column":null}},{"start":{},"end":{}}],"line":130},"2":{"loc":{"start":{"line":146,"column":6},"end":{"line":148,"column":null}},"type":"if","locations":[{"start":{"line":146,"column":6},"end":{"line":148,"column":null}},{"start":{},"end":{}}],"line":146},"3":{"loc":{"start":{"line":162,"column":6},"end":{"line":165,"column":null}},"type":"if","locations":[{"start":{"line":162,"column":6},"end":{"line":165,"column":null}},{"start":{},"end":{}}],"line":162}},"s":{"0":1,"1":1,"2":0,"3":0,"4":0,"5":0,"6":1,"7":0,"8":0,"9":0,"10":0,"11":0,"12":0,"13":0,"14":0,"15":0,"16":0,"17":0,"18":0,"19":0,"20":0,"21":0,"22":0,"23":0,"24":0,"25":0,"26":0,"27":0,"28":0,"29":0,"30":0,"31":0,"32":0,"33":0,"34":0,"35":0,"36":0,"37":0,"38":0,"39":0,"40":0,"41":0,"42":0,"43":0,"44":0,"45":0,"46":0,"47":0,"48":0,"49":0,"50":0,"51":0,"52":0,"53":0,"54":0,"55":0,"56":0,"57":0,"58":0,"59":0,"60":0,"61":0,"62":0,"63":0,"64":0,"65":0,"66":0,"67":0},"f":{"0":0,"1":0,"2":0,"3":0,"4":0,"5":0,"6":0,"7":0,"8":0,"9":0,"10":0,"11":0,"12":0},"b":{"0":[0,0],"1":[0,0],"2":[0,0],"3":[0,0]},"meta":{"lastBranch":4,"lastFunction":13,"lastStatement":68,"seen":{"s:12:18:17:Infinity":0,"s:19:0:25:Infinity":1,"f:19:35:19:36":0,"s:20:16:20:Infinity":2,"b:21:2:23:Infinity:undefined:undefined:undefined:undefined":0,"s:21:2:23:Infinity":3,"s:22:4:22:Infinity":4,"s:24:2:24:Infinity":5,"s:27:35:173:Infinity":6,"f:28:23:28:68":1,"s:29:21:29:Infinity":7,"s:30:4:30:Infinity":8,"f:33:23:33:30":2,"s:34:21:34:Infinity":9,"s:35:4:35:Infinity":10,"f:38:22:38:29":3,"s:39:21:39:Infinity":11,"s:40:4:40:Infinity":12,"f:43:22:43:29":4,"s:44:21:44:Infinity":13,"s:45:4:45:Infinity":14,"f:48:24:48:31":5,"s:49:23:53:Infinity":15,"s:54:21:54:Infinity":16,"s:55:4:55:Infinity":17,"f:58:26:58:33":6,"s:59:10:59:Infinity":18,"s:60:23:64:Infinity":19,"s:66:4:84:Infinity":20,"s:68:23:68:Infinity":21,"s:69:6:69:Infinity":22,"s:71:6:71:Infinity":23,"s:72:6:72:Infinity":24,"s:73:6:82:Infinity":25,"s:83:6:83:Infinity":26,"f:87:22:87:29":7,"s:88:10:88:Infinity":27,"s:89:23:93:Infinity":28,"s:95:4:112:Infinity":29,"s:96:6:96:Infinity":30,"s:97:6:97:Infinity":31,"s:99:23:99:Infinity":32,"s:100:6:100:Infinity":33,"s:101:6:101:Infinity":34,"s:103:6:110:Infinity":35,"s:111:6:111:Infinity":36,"f:115:22:115:29":8,"s:116:4:116:Infinity":37,"f:119:23:119:30":9,"s:120:21:120:Infinity":38,"s:121:4:121:Infinity":39,"f:124:20:124:65":10,"s:125:4:140:Infinity":40,"s:126:6:126:Infinity":41,"s:127:23:127:Infinity":42,"s:128:6:128:Infinity":43,"b:130:6:133:Infinity:undefined:undefined:undefined:undefined":1,"s:130:6:133:Infinity":44,"s:131:8:131:Infinity":45,"s:132:8:132:Infinity":46,"s:135:6:135:Infinity":47,"s:136:6:136:Infinity":48,"s:138:6:138:Infinity":49,"s:139:6:139:Infinity":50,"f:143:22:143:67":11,"s:144:4:153:Infinity":51,"s:145:23:145:Infinity":52,"b:146:6:148:Infinity:undefined:undefined:undefined:undefined":2,"s:146:6:148:Infinity":53,"s:147:8:147:Infinity":54,"s:149:6:149:Infinity":55,"s:151:6:151:Infinity":56,"s:152:6:152:Infinity":57,"f:156:18:156:63":12,"s:157:4:171:Infinity":58,"s:158:6:158:Infinity":59,"s:159:23:159:Infinity":60,"s:160:6:160:Infinity":61,"b:162:6:165:Infinity:undefined:undefined:undefined:undefined":3,"s:162:6:165:Infinity":62,"s:163:8:163:Infinity":63,"s:164:8:164:Infinity":64,"s:167:6:167:Infinity":65,"s:169:6:169:Infinity":66,"s:170:6:170:Infinity":67}}}
}
